Arguments: 
  /Users/iqra/.nvm/versions/node/v11.0.0/bin/node /Users/iqra/.yarn/bin/yarn.js start

PATH: 
  /Users/iqra/.nvm/versions/node/v11.0.0/bin:/Users/iqra/.yarn/bin:/Users/iqra/.config/yarn/global/node_modules/.bin:/Library/Frameworks/Python.framework/Versions/3.7/bin:/Users/iqra/anaconda3/bin:/Users/iqra/anaconda3/condabin:/usr/local/bin:/usr/bin:/bin:/usr/sbin:/sbin:/Applications/VMware Fusion.app/Contents/Public:/opt/X11/bin:/Applications/Wireshark.app/Contents/MacOS

Yarn version: 
  1.17.3

Node version: 
  11.0.0

Platform: 
  darwin x64

Trace: 
  SyntaxError: /Users/iqra/package.json: Unexpected token ; in JSON at position 254
      at JSON.parse (<anonymous>)
      at /Users/iqra/.yarn/lib/cli.js:1625:59
      at Generator.next (<anonymous>)
      at step (/Users/iqra/.yarn/lib/cli.js:304:30)
      at /Users/iqra/.yarn/lib/cli.js:315:13

npm manifest: 
  {
    "name": "bank-merge-co-task-2",
    "version": "0.1.0",
    "private": true,
    "dependencies": {
      "@jpmorganchase/perspective": "^0.2.12",
      "@jpmorganchase/perspective-viewer": "^0.2.12",
      "@jpmorganchase/perspective-viewer-highcharts": "^0.2.12",
      "@types/jest": "^23.3.13",
      "@types/node": "^10.12.19",
      "@types/react": "^16.9.0",
      "@types/react-dom": "^16.0.11",
      "bootstrap": "^4.2.1",
      "puppeteer": "^1.19.0",
      "react": "^16.9.0",
      "react-dom": "^16.9.0",
      "react-scripts": "1.1.4",
      "eslint": "5.6.0"
  
    },
    "scripts": {
      "start": "react-scripts start",
      "build": "react-scripts build",
      "test": "react-scripts test",
      "eject": "react-scripts eject"
    },
    "eslintConfig": {
      "extends": "react-app"
    },
    "browserslist": [
      ">0.2%",
      "not dead",
      "not ie <= 11",
      "not op_mini all"
    ],
    "devDependencies": {
      "awesome-typescript-loader": "^5.2.1",
      "source-map-loader": "^0.2.4",
      "typescript": "^3.2.4"
    }
  }

yarn manifest: 
  No manifest

Lockfile: 
  No lockfile
